<?xml version="1.0" encoding="UTF-8"?>
<!-- Generated by org.testng.reporters.JUnitXMLReporter -->
<testsuite hostname="LAPTOP-8TBAOVQC" name="Default test" tests="5" failures="0" timestamp="11 Mar 2019 02:23:01 GMT" time="30.138" errors="0">
  <testcase name="OpenURL" time="10.92" classname="automation.flow.scenario.automationflow"/>
  <testcase name="ValidateSigninbutton" time="2.123" classname="automation.flow.scenario.automationflow"/>
  <testcase name="Numberofbannerscount" time="2.732" classname="automation.flow.scenario.automationflow"/>
  <testcase name="ValidLogin" time="8.385" classname="automation.flow.scenario.automationflow"/>
  <testcase name="ChangePINCode" time="5.921" classname="automation.flow.scenario.automationflow"/>
</testsuite> <!-- Default test -->
