<?xml version="1.0" encoding="UTF-8"?>
<!-- Generated by org.testng.reporters.JUnitXMLReporter -->
<testsuite hostname="LAPTOP-8TBAOVQC" name="Default test" tests="5" failures="0" timestamp="10 Mar 2019 05:07:21 GMT" time="20.964" errors="0">
  <testcase name="OpenURL" time="9.309" classname="automation.flow.scenario.automationflow"/>
  <testcase name="ValidateSigninbutton" time="1.188" classname="automation.flow.scenario.automationflow"/>
  <testcase name="Numberofbannerscount" time="2.647" classname="automation.flow.scenario.automationflow"/>
  <testcase name="ValidLogin" time="5.263" classname="automation.flow.scenario.automationflow"/>
  <testcase name="ChangePINCode" time="2.507" classname="automation.flow.scenario.automationflow"/>
</testsuite> <!-- Default test -->
