<?xml version="1.0" encoding="UTF-8"?>
<testng-results skipped="0" failed="0" total="5" passed="5">
  <reporter-output>
  </reporter-output>
  <suite name="Default suite" duration-ms="30138" started-at="2019-03-11T02:22:31Z" finished-at="2019-03-11T02:23:01Z">
    <groups>
    </groups>
    <test name="Default test" duration-ms="30138" started-at="2019-03-11T02:22:31Z" finished-at="2019-03-11T02:23:01Z">
      <class name="automation.flow.scenario.automationflow">
        <test-method status="PASS" signature="OpenURL()[pri:1, instance:automation.flow.scenario.automationflow@357246de]" name="OpenURL" duration-ms="10920" started-at="2019-03-11T07:52:31Z" finished-at="2019-03-11T07:52:42Z">
          <reporter-output>
          </reporter-output>
        </test-method> <!-- OpenURL -->
        <test-method status="PASS" signature="ValidateSigninbutton()[pri:2, instance:automation.flow.scenario.automationflow@357246de]" name="ValidateSigninbutton" duration-ms="2123" started-at="2019-03-11T07:52:42Z" finished-at="2019-03-11T07:52:44Z">
          <reporter-output>
          </reporter-output>
        </test-method> <!-- ValidateSigninbutton -->
        <test-method status="PASS" signature="Numberofbannerscount()[pri:3, instance:automation.flow.scenario.automationflow@357246de]" name="Numberofbannerscount" duration-ms="2732" started-at="2019-03-11T07:52:44Z" finished-at="2019-03-11T07:52:47Z">
          <reporter-output>
          </reporter-output>
        </test-method> <!-- Numberofbannerscount -->
        <test-method status="PASS" signature="ValidLogin()[pri:4, instance:automation.flow.scenario.automationflow@357246de]" name="ValidLogin" duration-ms="8385" started-at="2019-03-11T07:52:47Z" finished-at="2019-03-11T07:52:55Z">
          <reporter-output>
          </reporter-output>
        </test-method> <!-- ValidLogin -->
        <test-method status="PASS" signature="ChangePINCode()[pri:5, instance:automation.flow.scenario.automationflow@357246de]" name="ChangePINCode" duration-ms="5921" started-at="2019-03-11T07:52:55Z" finished-at="2019-03-11T07:53:01Z">
          <reporter-output>
          </reporter-output>
        </test-method> <!-- ChangePINCode -->
      </class> <!-- automation.flow.scenario.automationflow -->
    </test> <!-- Default test -->
  </suite> <!-- Default suite -->
</testng-results>
